<?xml version="1.0" encoding="UTF-8"?>
<!-- Generated by org.testng.reporters.JUnitXMLReporter -->
<testsuite hostname="Harish-PC" ignored="0" name="Regression" tests="1" failures="0" timestamp="08 May 2019 15:55:06 GMT" time="0.181" errors="0">
  <testcase name="@BeforeMethod openApplication" time="0.0" classname="com.flipkart.generic.BaseTest">
    <failure type="org.testng.TestNGException" message="
Parameter &amp;apos;browser&amp;apos; is required by BeforeMethod on method openApplication but has not been marked @Optional or defined
in C:\Users\Harish\Desktop\Selenium\Edureka\Selenium\Workspace\CraftsVilla\XmlFiles\Flipkart.xml">
      <![CDATA[org.testng.TestNGException: 
Parameter 'browser' is required by BeforeMethod on method openApplication but has not been marked @Optional or defined
in C:\Users\Harish\Desktop\Selenium\Edureka\Selenium\Workspace\CraftsVilla\XmlFiles\Flipkart.xml
... Removed 25 stack frames]]>
    </failure>
  </testcase> <!-- @BeforeMethod openApplication -->
  <testcase name="TC_01_ComposeAMail" time="0.0" classname="com.flipkart.testscripts.FlipkarHomePageScripts">
    <skipped/>
  </testcase> <!-- TC_01_ComposeAMail -->
</testsuite> <!-- Regression -->
